<?xml version="1.0" encoding="UTF-8"?>
<!-- Generated by org.testng.reporters.JUnitReportReporter -->
<testsuite hostname="DESKTOP-NIC9JRG" name="TestCases.TC_003" tests="3" failures="0" timestamp="6 Nov 2017 01:17:40 GMT" time="67.903" errors="0">
  <testcase name="login" time="22.081" classname="TestCases.TC_003"/>
  <testcase name="login" time="22.864" classname="TestCases.TC_003"/>
  <testcase name="login" time="22.958" classname="TestCases.TC_003"/>
</testsuite> <!-- TestCases.TC_003 -->
