<?xml version="1.0" encoding="UTF-8"?>
<!-- Generated by org.testng.reporters.JUnitReportReporter -->
<testsuite hostname="DESKTOP-NIC9JRG" name="TestCases.Logintest2" tests="1" failures="0" timestamp="5 Nov 2017 07:46:04 GMT" time="5.589" errors="0">
  <testcase name="loginapp" time="5.589" classname="TestCases.Logintest2"/>
</testsuite> <!-- TestCases.Logintest2 -->
