<?xml version="1.0" encoding="UTF-8"?>
<!-- Generated by org.testng.reporters.JUnitReportReporter -->
<testsuite hostname="DESKTOP-NIC9JRG" name="TestCases.Logintest" tests="1" failures="0" timestamp="5 Nov 2017 04:16:30 GMT" time="5.983" errors="0">
  <testcase name="loginapp" time="5.983" classname="TestCases.Logintest"/>
</testsuite> <!-- TestCases.Logintest -->
