<?xml version="1.0" encoding="UTF-8"?>
<!-- Generated by org.testng.reporters.JUnitReportReporter -->
<testsuite hostname="DESKTOP-NIC9JRG" name="ExcelReadData.ExcelReader" tests="3" failures="0" timestamp="5 Nov 2017 07:11:10 GMT" time="0.015" errors="0">
  <testcase name="dataprovider" time="0.012" classname="ExcelReadData.ExcelReader"/>
  <testcase name="dataprovider" time="0.001" classname="ExcelReadData.ExcelReader"/>
  <testcase name="dataprovider" time="0.002" classname="ExcelReadData.ExcelReader"/>
</testsuite> <!-- ExcelReadData.ExcelReader -->
