<?xml version="1.0" encoding="UTF-8"?>
<!-- Generated by org.testng.reporters.JUnitReportReporter -->
<testsuite hostname="DESKTOP-NIC9JRG" name="TestCases.TC_002" tests="1" failures="0" timestamp="6 Nov 2017 01:25:00 GMT" time="5.810" errors="0">
  <testcase name="loginapp" time="5.810" classname="TestCases.TC_002"/>
</testsuite> <!-- TestCases.TC_002 -->
